<?xml version="1.0" encoding="UTF-8"?>
<testsuite xmlns:xsi="http://www.w3.org/2001/XMLSchema-instance" xsi:noNamespaceSchemaLocation="https://maven.apache.org/surefire/maven-surefire-plugin/xsd/surefire-test-report.xsd" name="com.ctc.XAdminPlusApplicationTests" time="7.323" tests="9" errors="0" skipped="0" failures="0">
  <properties>
    <property name="sun.desktop" value="windows"/>
    <property name="awt.toolkit" value="sun.awt.windows.WToolkit"/>
    <property name="file.encoding.pkg" value="sun.io"/>
    <property name="java.specification.version" value="1.8"/>
    <property name="sun.cpu.isalist" value="amd64"/>
    <property name="sun.jnu.encoding" value="GBK"/>
    <property name="java.class.path" value="D:\代码\x-admin-plus\target\test-classes;D:\代码\x-admin-plus\target\classes;D:\maven\mavenRepository\org\springframework\boot\spring-boot-starter-jdbc\2.7.5\spring-boot-starter-jdbc-2.7.5.jar;D:\maven\mavenRepository\org\springframework\boot\spring-boot-starter\2.7.5\spring-boot-starter-2.7.5.jar;D:\maven\mavenRepository\org\springframework\boot\spring-boot\2.7.5\spring-boot-2.7.5.jar;D:\maven\mavenRepository\org\springframework\boot\spring-boot-starter-logging\2.7.5\spring-boot-starter-logging-2.7.5.jar;D:\maven\mavenRepository\ch\qos\logback\logback-classic\1.2.11\logback-classic-1.2.11.jar;D:\maven\mavenRepository\ch\qos\logback\logback-core\1.2.11\logback-core-1.2.11.jar;D:\maven\mavenRepository\org\apache\logging\log4j\log4j-to-slf4j\2.17.2\log4j-to-slf4j-2.17.2.jar;D:\maven\mavenRepository\org\apache\logging\log4j\log4j-api\2.17.2\log4j-api-2.17.2.jar;D:\maven\mavenRepository\org\slf4j\jul-to-slf4j\1.7.36\jul-to-slf4j-1.7.36.jar;D:\maven\mavenRepository\jakarta\annotation\jakarta.annotation-api\1.3.5\jakarta.annotation-api-1.3.5.jar;D:\maven\mavenRepository\org\yaml\snakeyaml\1.30\snakeyaml-1.30.jar;D:\maven\mavenRepository\com\zaxxer\HikariCP\4.0.3\HikariCP-4.0.3.jar;D:\maven\mavenRepository\org\slf4j\slf4j-api\1.7.36\slf4j-api-1.7.36.jar;D:\maven\mavenRepository\org\springframework\spring-jdbc\5.3.23\spring-jdbc-5.3.23.jar;D:\maven\mavenRepository\org\springframework\spring-tx\5.3.23\spring-tx-5.3.23.jar;D:\maven\mavenRepository\org\springframework\boot\spring-boot-starter-thymeleaf\2.7.5\spring-boot-starter-thymeleaf-2.7.5.jar;D:\maven\mavenRepository\org\thymeleaf\thymeleaf-spring5\3.0.15.RELEASE\thymeleaf-spring5-3.0.15.RELEASE.jar;D:\maven\mavenRepository\org\thymeleaf\thymeleaf\3.0.15.RELEASE\thymeleaf-3.0.15.RELEASE.jar;D:\maven\mavenRepository\org\attoparser\attoparser\2.0.5.RELEASE\attoparser-2.0.5.RELEASE.jar;D:\maven\mavenRepository\org\unbescape\unbescape\1.1.6.RELEASE\unbescape-1.1.6.RELEASE.jar;D:\maven\mavenRepository\org\thymeleaf\extras\thymeleaf-extras-java8time\3.0.4.RELEASE\thymeleaf-extras-java8time-3.0.4.RELEASE.jar;D:\maven\mavenRepository\org\springframework\boot\spring-boot-starter-web\2.7.5\spring-boot-starter-web-2.7.5.jar;D:\maven\mavenRepository\org\springframework\boot\spring-boot-starter-json\2.7.5\spring-boot-starter-json-2.7.5.jar;D:\maven\mavenRepository\com\fasterxml\jackson\core\jackson-databind\2.13.4.2\jackson-databind-2.13.4.2.jar;D:\maven\mavenRepository\com\fasterxml\jackson\core\jackson-annotations\2.13.4\jackson-annotations-2.13.4.jar;D:\maven\mavenRepository\com\fasterxml\jackson\core\jackson-core\2.13.4\jackson-core-2.13.4.jar;D:\maven\mavenRepository\com\fasterxml\jackson\datatype\jackson-datatype-jdk8\2.13.4\jackson-datatype-jdk8-2.13.4.jar;D:\maven\mavenRepository\com\fasterxml\jackson\datatype\jackson-datatype-jsr310\2.13.4\jackson-datatype-jsr310-2.13.4.jar;D:\maven\mavenRepository\com\fasterxml\jackson\module\jackson-module-parameter-names\2.13.4\jackson-module-parameter-names-2.13.4.jar;D:\maven\mavenRepository\org\springframework\boot\spring-boot-starter-tomcat\2.7.5\spring-boot-starter-tomcat-2.7.5.jar;D:\maven\mavenRepository\org\apache\tomcat\embed\tomcat-embed-core\9.0.68\tomcat-embed-core-9.0.68.jar;D:\maven\mavenRepository\org\apache\tomcat\embed\tomcat-embed-el\9.0.68\tomcat-embed-el-9.0.68.jar;D:\maven\mavenRepository\org\apache\tomcat\embed\tomcat-embed-websocket\9.0.68\tomcat-embed-websocket-9.0.68.jar;D:\maven\mavenRepository\org\springframework\spring-web\5.3.23\spring-web-5.3.23.jar;D:\maven\mavenRepository\org\springframework\spring-webmvc\5.3.23\spring-webmvc-5.3.23.jar;D:\maven\mavenRepository\org\springframework\security\spring-security-core\5.7.4\spring-security-core-5.7.4.jar;D:\maven\mavenRepository\org\springframework\security\spring-security-crypto\5.7.4\spring-security-crypto-5.7.4.jar;D:\maven\mavenRepository\org\springframework\spring-aop\5.3.23\spring-aop-5.3.23.jar;D:\maven\mavenRepository\org\springframework\spring-beans\5.3.23\spring-beans-5.3.23.jar;D:\maven\mavenRepository\org\springframework\spring-context\5.3.23\spring-context-5.3.23.jar;D:\maven\mavenRepository\org\springframework\spring-core\5.3.23\spring-core-5.3.23.jar;D:\maven\mavenRepository\org\springframework\spring-jcl\5.3.23\spring-jcl-5.3.23.jar;D:\maven\mavenRepository\org\springframework\spring-expression\5.3.23\spring-expression-5.3.23.jar;D:\maven\mavenRepository\com\github\pagehelper\pagehelper-spring-boot-starter\1.4.1\pagehelper-spring-boot-starter-1.4.1.jar;D:\maven\mavenRepository\org\mybatis\spring\boot\mybatis-spring-boot-starter\2.2.0\mybatis-spring-boot-starter-2.2.0.jar;D:\maven\mavenRepository\org\mybatis\spring\boot\mybatis-spring-boot-autoconfigure\2.2.0\mybatis-spring-boot-autoconfigure-2.2.0.jar;D:\maven\mavenRepository\org\mybatis\mybatis\3.5.7\mybatis-3.5.7.jar;D:\maven\mavenRepository\org\mybatis\mybatis-spring\2.0.6\mybatis-spring-2.0.6.jar;D:\maven\mavenRepository\com\github\pagehelper\pagehelper-spring-boot-autoconfigure\1.4.1\pagehelper-spring-boot-autoconfigure-1.4.1.jar;D:\maven\mavenRepository\com\github\pagehelper\pagehelper\5.3.0\pagehelper-5.3.0.jar;D:\maven\mavenRepository\com\github\jsqlparser\jsqlparser\4.2\jsqlparser-4.2.jar;D:\maven\mavenRepository\org\springframework\boot\spring-boot-starter-mail\2.7.5\spring-boot-starter-mail-2.7.5.jar;D:\maven\mavenRepository\org\springframework\spring-context-support\5.3.23\spring-context-support-5.3.23.jar;D:\maven\mavenRepository\com\sun\mail\jakarta.mail\1.6.7\jakarta.mail-1.6.7.jar;D:\maven\mavenRepository\com\sun\activation\jakarta.activation\1.2.2\jakarta.activation-1.2.2.jar;D:\maven\mavenRepository\org\springframework\boot\spring-boot-starter-test\2.7.5\spring-boot-starter-test-2.7.5.jar;D:\maven\mavenRepository\org\springframework\boot\spring-boot-test\2.7.5\spring-boot-test-2.7.5.jar;D:\maven\mavenRepository\org\springframework\boot\spring-boot-test-autoconfigure\2.7.5\spring-boot-test-autoconfigure-2.7.5.jar;D:\maven\mavenRepository\com\jayway\jsonpath\json-path\2.7.0\json-path-2.7.0.jar;D:\maven\mavenRepository\net\minidev\json-smart\2.4.8\json-smart-2.4.8.jar;D:\maven\mavenRepository\net\minidev\accessors-smart\2.4.8\accessors-smart-2.4.8.jar;D:\maven\mavenRepository\org\ow2\asm\asm\9.1\asm-9.1.jar;D:\maven\mavenRepository\jakarta\xml\bind\jakarta.xml.bind-api\2.3.3\jakarta.xml.bind-api-2.3.3.jar;D:\maven\mavenRepository\jakarta\activation\jakarta.activation-api\1.2.2\jakarta.activation-api-1.2.2.jar;D:\maven\mavenRepository\org\assertj\assertj-core\3.22.0\assertj-core-3.22.0.jar;D:\maven\mavenRepository\org\hamcrest\hamcrest\2.2\hamcrest-2.2.jar;D:\maven\mavenRepository\org\junit\jupiter\junit-jupiter\5.8.2\junit-jupiter-5.8.2.jar;D:\maven\mavenRepository\org\junit\jupiter\junit-jupiter-api\5.8.2\junit-jupiter-api-5.8.2.jar;D:\maven\mavenRepository\org\opentest4j\opentest4j\1.2.0\opentest4j-1.2.0.jar;D:\maven\mavenRepository\org\junit\platform\junit-platform-commons\1.8.2\junit-platform-commons-1.8.2.jar;D:\maven\mavenRepository\org\apiguardian\apiguardian-api\1.1.2\apiguardian-api-1.1.2.jar;D:\maven\mavenRepository\org\junit\jupiter\junit-jupiter-params\5.8.2\junit-jupiter-params-5.8.2.jar;D:\maven\mavenRepository\org\junit\jupiter\junit-jupiter-engine\5.8.2\junit-jupiter-engine-5.8.2.jar;D:\maven\mavenRepository\org\junit\platform\junit-platform-engine\1.8.2\junit-platform-engine-1.8.2.jar;D:\maven\mavenRepository\org\mockito\mockito-core\4.5.1\mockito-core-4.5.1.jar;D:\maven\mavenRepository\net\bytebuddy\byte-buddy\1.12.18\byte-buddy-1.12.18.jar;D:\maven\mavenRepository\net\bytebuddy\byte-buddy-agent\1.12.18\byte-buddy-agent-1.12.18.jar;D:\maven\mavenRepository\org\objenesis\objenesis\3.2\objenesis-3.2.jar;D:\maven\mavenRepository\org\mockito\mockito-junit-jupiter\4.5.1\mockito-junit-jupiter-4.5.1.jar;D:\maven\mavenRepository\org\skyscreamer\jsonassert\1.5.1\jsonassert-1.5.1.jar;D:\maven\mavenRepository\com\vaadin\external\google\android-json\0.0.20131108.vaadin1\android-json-0.0.20131108.vaadin1.jar;D:\maven\mavenRepository\org\springframework\spring-test\5.3.23\spring-test-5.3.23.jar;D:\maven\mavenRepository\org\xmlunit\xmlunit-core\2.9.0\xmlunit-core-2.9.0.jar;D:\maven\mavenRepository\javax\mail\javax.mail-api\1.5.6\javax.mail-api-1.5.6.jar;D:\maven\mavenRepository\com\sun\mail\javax.mail\1.5.3\javax.mail-1.5.3.jar;D:\maven\mavenRepository\javax\activation\activation\1.1\activation-1.1.jar;D:\maven\mavenRepository\org\webjars\jquery\3.5.1\jquery-3.5.1.jar;D:\maven\mavenRepository\com\github\whvcse\easy-captcha\1.6.2\easy-captcha-1.6.2.jar;D:\maven\mavenRepository\com\alibaba\druid\1.1.21\druid-1.1.21.jar;D:\maven\mavenRepository\com\mysql\mysql-connector-j\8.0.31\mysql-connector-j-8.0.31.jar;D:\maven\mavenRepository\org\projectlombok\lombok\1.18.24\lombok-1.18.24.jar;D:\maven\mavenRepository\com\baomidou\mybatis-plus-boot-starter\3.0.5\mybatis-plus-boot-starter-3.0.5.jar;D:\maven\mavenRepository\com\baomidou\mybatis-plus\3.0.5\mybatis-plus-3.0.5.jar;D:\maven\mavenRepository\com\baomidou\mybatis-plus-extension\3.0.5\mybatis-plus-extension-3.0.5.jar;D:\maven\mavenRepository\com\baomidou\mybatis-plus-core\3.0.5\mybatis-plus-core-3.0.5.jar;D:\maven\mavenRepository\com\baomidou\mybatis-plus-annotation\3.0.5\mybatis-plus-annotation-3.0.5.jar;D:\maven\mavenRepository\com\baomidou\mybatis-plus-generator\3.0.5\mybatis-plus-generator-3.0.5.jar;D:\maven\mavenRepository\org\springframework\boot\spring-boot-autoconfigure\2.7.5\spring-boot-autoconfigure-2.7.5.jar;D:\maven\mavenRepository\org\springframework\boot\spring-boot-configuration-processor\2.7.5\spring-boot-configuration-processor-2.7.5.jar;D:\maven\mavenRepository\com\h2database\h2\2.1.214\h2-2.1.214.jar;"/>
    <property name="java.vm.vendor" value="Oracle Corporation"/>
    <property name="sun.arch.data.model" value="64"/>
    <property name="user.variant" value=""/>
    <property name="java.vendor.url" value="http://java.oracle.com/"/>
    <property name="user.timezone" value="Asia/Shanghai"/>
    <property name="java.vm.specification.version" value="1.8"/>
    <property name="os.name" value="Windows 10"/>
    <property name="user.country" value="CN"/>
    <property name="sun.java.launcher" value="SUN_STANDARD"/>
    <property name="sun.boot.library.path" value="C:\Program Files\Java\jdk1.8.0_181\jre\bin"/>
    <property name="sun.java.command" value="C:\Users\陈天赐\AppData\Local\Temp\surefire1985219712412020459\surefirebooter3019485367714024056.jar C:\Users\陈天赐\AppData\Local\Temp\surefire1985219712412020459 2022-12-03T18-30-55_922-jvmRun1 surefire1893932438769967543tmp surefire_04402234697572271996tmp"/>
    <property name="surefire.test.class.path" value="D:\代码\x-admin-plus\target\test-classes;D:\代码\x-admin-plus\target\classes;D:\maven\mavenRepository\org\springframework\boot\spring-boot-starter-jdbc\2.7.5\spring-boot-starter-jdbc-2.7.5.jar;D:\maven\mavenRepository\org\springframework\boot\spring-boot-starter\2.7.5\spring-boot-starter-2.7.5.jar;D:\maven\mavenRepository\org\springframework\boot\spring-boot\2.7.5\spring-boot-2.7.5.jar;D:\maven\mavenRepository\org\springframework\boot\spring-boot-starter-logging\2.7.5\spring-boot-starter-logging-2.7.5.jar;D:\maven\mavenRepository\ch\qos\logback\logback-classic\1.2.11\logback-classic-1.2.11.jar;D:\maven\mavenRepository\ch\qos\logback\logback-core\1.2.11\logback-core-1.2.11.jar;D:\maven\mavenRepository\org\apache\logging\log4j\log4j-to-slf4j\2.17.2\log4j-to-slf4j-2.17.2.jar;D:\maven\mavenRepository\org\apache\logging\log4j\log4j-api\2.17.2\log4j-api-2.17.2.jar;D:\maven\mavenRepository\org\slf4j\jul-to-slf4j\1.7.36\jul-to-slf4j-1.7.36.jar;D:\maven\mavenRepository\jakarta\annotation\jakarta.annotation-api\1.3.5\jakarta.annotation-api-1.3.5.jar;D:\maven\mavenRepository\org\yaml\snakeyaml\1.30\snakeyaml-1.30.jar;D:\maven\mavenRepository\com\zaxxer\HikariCP\4.0.3\HikariCP-4.0.3.jar;D:\maven\mavenRepository\org\slf4j\slf4j-api\1.7.36\slf4j-api-1.7.36.jar;D:\maven\mavenRepository\org\springframework\spring-jdbc\5.3.23\spring-jdbc-5.3.23.jar;D:\maven\mavenRepository\org\springframework\spring-tx\5.3.23\spring-tx-5.3.23.jar;D:\maven\mavenRepository\org\springframework\boot\spring-boot-starter-thymeleaf\2.7.5\spring-boot-starter-thymeleaf-2.7.5.jar;D:\maven\mavenRepository\org\thymeleaf\thymeleaf-spring5\3.0.15.RELEASE\thymeleaf-spring5-3.0.15.RELEASE.jar;D:\maven\mavenRepository\org\thymeleaf\thymeleaf\3.0.15.RELEASE\thymeleaf-3.0.15.RELEASE.jar;D:\maven\mavenRepository\org\attoparser\attoparser\2.0.5.RELEASE\attoparser-2.0.5.RELEASE.jar;D:\maven\mavenRepository\org\unbescape\unbescape\1.1.6.RELEASE\unbescape-1.1.6.RELEASE.jar;D:\maven\mavenRepository\org\thymeleaf\extras\thymeleaf-extras-java8time\3.0.4.RELEASE\thymeleaf-extras-java8time-3.0.4.RELEASE.jar;D:\maven\mavenRepository\org\springframework\boot\spring-boot-starter-web\2.7.5\spring-boot-starter-web-2.7.5.jar;D:\maven\mavenRepository\org\springframework\boot\spring-boot-starter-json\2.7.5\spring-boot-starter-json-2.7.5.jar;D:\maven\mavenRepository\com\fasterxml\jackson\core\jackson-databind\2.13.4.2\jackson-databind-2.13.4.2.jar;D:\maven\mavenRepository\com\fasterxml\jackson\core\jackson-annotations\2.13.4\jackson-annotations-2.13.4.jar;D:\maven\mavenRepository\com\fasterxml\jackson\core\jackson-core\2.13.4\jackson-core-2.13.4.jar;D:\maven\mavenRepository\com\fasterxml\jackson\datatype\jackson-datatype-jdk8\2.13.4\jackson-datatype-jdk8-2.13.4.jar;D:\maven\mavenRepository\com\fasterxml\jackson\datatype\jackson-datatype-jsr310\2.13.4\jackson-datatype-jsr310-2.13.4.jar;D:\maven\mavenRepository\com\fasterxml\jackson\module\jackson-module-parameter-names\2.13.4\jackson-module-parameter-names-2.13.4.jar;D:\maven\mavenRepository\org\springframework\boot\spring-boot-starter-tomcat\2.7.5\spring-boot-starter-tomcat-2.7.5.jar;D:\maven\mavenRepository\org\apache\tomcat\embed\tomcat-embed-core\9.0.68\tomcat-embed-core-9.0.68.jar;D:\maven\mavenRepository\org\apache\tomcat\embed\tomcat-embed-el\9.0.68\tomcat-embed-el-9.0.68.jar;D:\maven\mavenRepository\org\apache\tomcat\embed\tomcat-embed-websocket\9.0.68\tomcat-embed-websocket-9.0.68.jar;D:\maven\mavenRepository\org\springframework\spring-web\5.3.23\spring-web-5.3.23.jar;D:\maven\mavenRepository\org\springframework\spring-webmvc\5.3.23\spring-webmvc-5.3.23.jar;D:\maven\mavenRepository\org\springframework\security\spring-security-core\5.7.4\spring-security-core-5.7.4.jar;D:\maven\mavenRepository\org\springframework\security\spring-security-crypto\5.7.4\spring-security-crypto-5.7.4.jar;D:\maven\mavenRepository\org\springframework\spring-aop\5.3.23\spring-aop-5.3.23.jar;D:\maven\mavenRepository\org\springframework\spring-beans\5.3.23\spring-beans-5.3.23.jar;D:\maven\mavenRepository\org\springframework\spring-context\5.3.23\spring-context-5.3.23.jar;D:\maven\mavenRepository\org\springframework\spring-core\5.3.23\spring-core-5.3.23.jar;D:\maven\mavenRepository\org\springframework\spring-jcl\5.3.23\spring-jcl-5.3.23.jar;D:\maven\mavenRepository\org\springframework\spring-expression\5.3.23\spring-expression-5.3.23.jar;D:\maven\mavenRepository\com\github\pagehelper\pagehelper-spring-boot-starter\1.4.1\pagehelper-spring-boot-starter-1.4.1.jar;D:\maven\mavenRepository\org\mybatis\spring\boot\mybatis-spring-boot-starter\2.2.0\mybatis-spring-boot-starter-2.2.0.jar;D:\maven\mavenRepository\org\mybatis\spring\boot\mybatis-spring-boot-autoconfigure\2.2.0\mybatis-spring-boot-autoconfigure-2.2.0.jar;D:\maven\mavenRepository\org\mybatis\mybatis\3.5.7\mybatis-3.5.7.jar;D:\maven\mavenRepository\org\mybatis\mybatis-spring\2.0.6\mybatis-spring-2.0.6.jar;D:\maven\mavenRepository\com\github\pagehelper\pagehelper-spring-boot-autoconfigure\1.4.1\pagehelper-spring-boot-autoconfigure-1.4.1.jar;D:\maven\mavenRepository\com\github\pagehelper\pagehelper\5.3.0\pagehelper-5.3.0.jar;D:\maven\mavenRepository\com\github\jsqlparser\jsqlparser\4.2\jsqlparser-4.2.jar;D:\maven\mavenRepository\org\springframework\boot\spring-boot-starter-mail\2.7.5\spring-boot-starter-mail-2.7.5.jar;D:\maven\mavenRepository\org\springframework\spring-context-support\5.3.23\spring-context-support-5.3.23.jar;D:\maven\mavenRepository\com\sun\mail\jakarta.mail\1.6.7\jakarta.mail-1.6.7.jar;D:\maven\mavenRepository\com\sun\activation\jakarta.activation\1.2.2\jakarta.activation-1.2.2.jar;D:\maven\mavenRepository\org\springframework\boot\spring-boot-starter-test\2.7.5\spring-boot-starter-test-2.7.5.jar;D:\maven\mavenRepository\org\springframework\boot\spring-boot-test\2.7.5\spring-boot-test-2.7.5.jar;D:\maven\mavenRepository\org\springframework\boot\spring-boot-test-autoconfigure\2.7.5\spring-boot-test-autoconfigure-2.7.5.jar;D:\maven\mavenRepository\com\jayway\jsonpath\json-path\2.7.0\json-path-2.7.0.jar;D:\maven\mavenRepository\net\minidev\json-smart\2.4.8\json-smart-2.4.8.jar;D:\maven\mavenRepository\net\minidev\accessors-smart\2.4.8\accessors-smart-2.4.8.jar;D:\maven\mavenRepository\org\ow2\asm\asm\9.1\asm-9.1.jar;D:\maven\mavenRepository\jakarta\xml\bind\jakarta.xml.bind-api\2.3.3\jakarta.xml.bind-api-2.3.3.jar;D:\maven\mavenRepository\jakarta\activation\jakarta.activation-api\1.2.2\jakarta.activation-api-1.2.2.jar;D:\maven\mavenRepository\org\assertj\assertj-core\3.22.0\assertj-core-3.22.0.jar;D:\maven\mavenRepository\org\hamcrest\hamcrest\2.2\hamcrest-2.2.jar;D:\maven\mavenRepository\org\junit\jupiter\junit-jupiter\5.8.2\junit-jupiter-5.8.2.jar;D:\maven\mavenRepository\org\junit\jupiter\junit-jupiter-api\5.8.2\junit-jupiter-api-5.8.2.jar;D:\maven\mavenRepository\org\opentest4j\opentest4j\1.2.0\opentest4j-1.2.0.jar;D:\maven\mavenRepository\org\junit\platform\junit-platform-commons\1.8.2\junit-platform-commons-1.8.2.jar;D:\maven\mavenRepository\org\apiguardian\apiguardian-api\1.1.2\apiguardian-api-1.1.2.jar;D:\maven\mavenRepository\org\junit\jupiter\junit-jupiter-params\5.8.2\junit-jupiter-params-5.8.2.jar;D:\maven\mavenRepository\org\junit\jupiter\junit-jupiter-engine\5.8.2\junit-jupiter-engine-5.8.2.jar;D:\maven\mavenRepository\org\junit\platform\junit-platform-engine\1.8.2\junit-platform-engine-1.8.2.jar;D:\maven\mavenRepository\org\mockito\mockito-core\4.5.1\mockito-core-4.5.1.jar;D:\maven\mavenRepository\net\bytebuddy\byte-buddy\1.12.18\byte-buddy-1.12.18.jar;D:\maven\mavenRepository\net\bytebuddy\byte-buddy-agent\1.12.18\byte-buddy-agent-1.12.18.jar;D:\maven\mavenRepository\org\objenesis\objenesis\3.2\objenesis-3.2.jar;D:\maven\mavenRepository\org\mockito\mockito-junit-jupiter\4.5.1\mockito-junit-jupiter-4.5.1.jar;D:\maven\mavenRepository\org\skyscreamer\jsonassert\1.5.1\jsonassert-1.5.1.jar;D:\maven\mavenRepository\com\vaadin\external\google\android-json\0.0.20131108.vaadin1\android-json-0.0.20131108.vaadin1.jar;D:\maven\mavenRepository\org\springframework\spring-test\5.3.23\spring-test-5.3.23.jar;D:\maven\mavenRepository\org\xmlunit\xmlunit-core\2.9.0\xmlunit-core-2.9.0.jar;D:\maven\mavenRepository\javax\mail\javax.mail-api\1.5.6\javax.mail-api-1.5.6.jar;D:\maven\mavenRepository\com\sun\mail\javax.mail\1.5.3\javax.mail-1.5.3.jar;D:\maven\mavenRepository\javax\activation\activation\1.1\activation-1.1.jar;D:\maven\mavenRepository\org\webjars\jquery\3.5.1\jquery-3.5.1.jar;D:\maven\mavenRepository\com\github\whvcse\easy-captcha\1.6.2\easy-captcha-1.6.2.jar;D:\maven\mavenRepository\com\alibaba\druid\1.1.21\druid-1.1.21.jar;D:\maven\mavenRepository\com\mysql\mysql-connector-j\8.0.31\mysql-connector-j-8.0.31.jar;D:\maven\mavenRepository\org\projectlombok\lombok\1.18.24\lombok-1.18.24.jar;D:\maven\mavenRepository\com\baomidou\mybatis-plus-boot-starter\3.0.5\mybatis-plus-boot-starter-3.0.5.jar;D:\maven\mavenRepository\com\baomidou\mybatis-plus\3.0.5\mybatis-plus-3.0.5.jar;D:\maven\mavenRepository\com\baomidou\mybatis-plus-extension\3.0.5\mybatis-plus-extension-3.0.5.jar;D:\maven\mavenRepository\com\baomidou\mybatis-plus-core\3.0.5\mybatis-plus-core-3.0.5.jar;D:\maven\mavenRepository\com\baomidou\mybatis-plus-annotation\3.0.5\mybatis-plus-annotation-3.0.5.jar;D:\maven\mavenRepository\com\baomidou\mybatis-plus-generator\3.0.5\mybatis-plus-generator-3.0.5.jar;D:\maven\mavenRepository\org\springframework\boot\spring-boot-autoconfigure\2.7.5\spring-boot-autoconfigure-2.7.5.jar;D:\maven\mavenRepository\org\springframework\boot\spring-boot-configuration-processor\2.7.5\spring-boot-configuration-processor-2.7.5.jar;D:\maven\mavenRepository\com\h2database\h2\2.1.214\h2-2.1.214.jar;"/>
    <property name="sun.cpu.endian" value="little"/>
    <property name="user.home" value="C:\Users\陈天赐"/>
    <property name="user.language" value="zh"/>
    <property name="java.specification.vendor" value="Oracle Corporation"/>
    <property name="java.home" value="C:\Program Files\Java\jdk1.8.0_181\jre"/>
    <property name="basedir" value="D:\代码\x-admin-plus"/>
    <property name="file.separator" value="\"/>
    <property name="line.separator" value="&#10;"/>
    <property name="java.vm.specification.vendor" value="Oracle Corporation"/>
    <property name="java.specification.name" value="Java Platform API Specification"/>
    <property name="java.awt.graphicsenv" value="sun.awt.Win32GraphicsEnvironment"/>
    <property name="surefire.real.class.path" value="C:\Users\陈天赐\AppData\Local\Temp\surefire1985219712412020459\surefirebooter3019485367714024056.jar"/>
    <property name="sun.boot.class.path" value="C:\Program Files\Java\jdk1.8.0_181\jre\lib\resources.jar;C:\Program Files\Java\jdk1.8.0_181\jre\lib\rt.jar;C:\Program Files\Java\jdk1.8.0_181\jre\lib\sunrsasign.jar;C:\Program Files\Java\jdk1.8.0_181\jre\lib\jsse.jar;C:\Program Files\Java\jdk1.8.0_181\jre\lib\jce.jar;C:\Program Files\Java\jdk1.8.0_181\jre\lib\charsets.jar;C:\Program Files\Java\jdk1.8.0_181\jre\lib\jfr.jar;C:\Program Files\Java\jdk1.8.0_181\jre\classes"/>
    <property name="user.script" value=""/>
    <property name="sun.management.compiler" value="HotSpot 64-Bit Tiered Compilers"/>
    <property name="java.runtime.version" value="1.8.0_181-b13"/>
    <property name="user.name" value="陈天赐"/>
    <property name="path.separator" value=";"/>
    <property name="os.version" value="10.0"/>
    <property name="java.endorsed.dirs" value="C:\Program Files\Java\jdk1.8.0_181\jre\lib\endorsed"/>
    <property name="java.runtime.name" value="Java(TM) SE Runtime Environment"/>
    <property name="file.encoding" value="GBK"/>
    <property name="java.vm.name" value="Java HotSpot(TM) 64-Bit Server VM"/>
    <property name="localRepository" value="D:\maven\mavenRepository"/>
    <property name="java.vendor.url.bug" value="http://bugreport.sun.com/bugreport/"/>
    <property name="java.io.tmpdir" value="C:\Users\陈天赐\AppData\Local\Temp\"/>
    <property name="java.version" value="1.8.0_181"/>
    <property name="user.dir" value="D:\代码\x-admin-plus"/>
    <property name="os.arch" value="amd64"/>
    <property name="java.vm.specification.name" value="Java Virtual Machine Specification"/>
    <property name="java.awt.printerjob" value="sun.awt.windows.WPrinterJob"/>
    <property name="sun.os.patch.level" value=""/>
    <property name="java.library.path" value="C:\Program Files\Java\jdk1.8.0_181\jre\bin;C:\WINDOWS\Sun\Java\bin;C:\WINDOWS\system32;C:\WINDOWS;D:\Xshell\;D:\VM虚拟机\VMware\VMware Workstation\bin\;C:;C:\Program Files\Java\jdk1.8.0_181\bin;C:\Program Files (x86)\Common Files\Oracle\Java\javapath;C:\WINDOWS\system32;C:\WINDOWS;C:\WINDOWS\System32\Wbem;C:\WINDOWS\System32\WindowsPowerShell\v1.0\;C:\WINDOWS\System32\OpenSSH\;D:\mysql-8.0.23-winx64\bin;D:\互传\EasyShare\x86\;D;\互传\EasyShare\x64\;D;\apache-maven-3.6.3\bin;D:\微信web开发者工具\dll;C:\Pro;ram Files\NVIDIA Corporation\NVIDIA NvDLISR;C:\Program Files (x86)\NVIDIA Corporation\PhysX\Common;D:\node-v11.0.0-win-x64;D:\node-v11.0.0-win-x64\node_cache;D:\node-v11.0.0-win-x64\node_global;C:\Users\陈天赐\AppData\Local\Microsoft\WindowsApps;;D:\Programs\Microsoft VS Code\bin;D:\idea\IntelliJ IDEA 2019.3\bin;;."/>
    <property name="java.vm.info" value="mixed mode"/>
    <property name="java.vendor" value="Oracle Corporation"/>
    <property name="java.vm.version" value="25.181-b13"/>
    <property name="idea.version2019.3" value="true"/>
    <property name="java.ext.dirs" value="C:\Program Files\Java\jdk1.8.0_181\jre\lib\ext;C:\WINDOWS\Sun\Java\lib\ext"/>
    <property name="sun.io.unicode.encoding" value="UnicodeLittle"/>
    <property name="maven.repo.local" value="D:\maven\mavenRepository"/>
    <property name="java.class.version" value="52.0"/>
  </properties>
  <testcase name="selectEmp" classname="com.ctc.XAdminPlusApplicationTests" time="0.533"/>
  <testcase name="delete" classname="com.ctc.XAdminPlusApplicationTests" time="0.017"/>
  <testcase name="insert" classname="com.ctc.XAdminPlusApplicationTests" time="0.031"/>
  <testcase name="update" classname="com.ctc.XAdminPlusApplicationTests" time="0.018"/>
  <testcase name="insertEmp" classname="com.ctc.XAdminPlusApplicationTests" time="0.017"/>
  <testcase name="deleteEmp" classname="com.ctc.XAdminPlusApplicationTests" time="0.01"/>
  <testcase name="deleteIds" classname="com.ctc.XAdminPlusApplicationTests" time="0.012"/>
  <testcase name="deleted" classname="com.ctc.XAdminPlusApplicationTests" time="0.01"/>
  <testcase name="insert1" classname="com.ctc.XAdminPlusApplicationTests" time="0.018"/>
</testsuite>